<?xml version="1.0" encoding="UTF-8"?>
<testng-results skipped="0" failed="0" ignored="0" total="1" passed="1">
  <reporter-output>
  </reporter-output>
  <suite name="Default suite" duration-ms="48315" started-at="2020-02-20T11:31:34 IST" finished-at="2020-02-20T11:32:22 IST">
    <groups>
    </groups>
    <test name="Default test" duration-ms="48315" started-at="2020-02-20T11:31:34 IST" finished-at="2020-02-20T11:32:22 IST">
      <class name="gradle_demo.sample_gradle">
        <test-method status="PASS" signature="sample()[pri:0, instance:gradle_demo.sample_gradle@22a67b4]" name="sample" duration-ms="47988" started-at="2020-02-20T11:31:34 IST" finished-at="2020-02-20T11:32:22 IST">
          <reporter-output>
          </reporter-output>
        </test-method> <!-- sample -->
      </class> <!-- gradle_demo.sample_gradle -->
    </test> <!-- Default test -->
  </suite> <!-- Default suite -->
</testng-results>
